<?xml version="1.0" encoding="UTF-8"?>
<testsuite name="ru.netology.delivery.test.test.DeliveryTest" tests="1" skipped="0" failures="0" errors="0" timestamp="2025-10-21T08:24:25" hostname="DESKTOP-8HE4GBJ" time="5.284">
  <properties/>
  <testcase name="Should successful plan and replan meeting" classname="ru.netology.delivery.test.test.DeliveryTest" time="5.284"/>
  <system-out><![CDATA[]]></system-out>
  <system-err><![CDATA[[Test worker] INFO com.codeborne.selenide.impl.WebDriverThreadLocalContainer - No webdriver is bound to current thread: 1 - let's create a new webdriver
[Test worker] INFO com.codeborne.selenide.impl.FileHelper - Creating folder: C:\Users\artem\IdeaProjects\ReportPortal\build\downloads\1761035065907_9208_1
[Test worker] INFO com.codeborne.selenide.webdriver.SelenideNettyClientFactory - Changed readTimeout from PT3M to PT1M30S
[Test worker] INFO com.codeborne.selenide.webdriver.SelenideNettyClientFactory - Changed readTimeout from PT3M to PT1M30S
окт. 21, 2025 3:24:28 PM org.openqa.selenium.devtools.CdpVersionFinder findNearestMatch
WARNING: Unable to find CDP implementation matching 141
окт. 21, 2025 3:24:28 PM org.openqa.selenium.chromium.ChromiumDriver lambda$new$5
WARNING: Unable to find version of CDP to use for 141.0.7390.108. You may need to include a dependency on a specific version of the CDP using something similar to `org.seleniumhq.selenium:selenium-devtools-v86:4.13.0` where the version ("v86") matches the version of the chromium-based browser you're using and the version number of the artifact is the same as Selenium's.
[Test worker] INFO com.codeborne.selenide.webdriver.WebDriverFactory - BrowserName=chrome Version=141.0.7390.108 Platform=windows
[Test worker] INFO com.codeborne.selenide.webdriver.WebDriverFactory - Selenide v. 6.19.1
[Test worker] INFO com.codeborne.selenide.webdriver.WebDriverFactory - Selenium WebDriver v. 4.13.0 build revision: ba948ece5b*
[Test worker] INFO com.codeborne.selenide.drivercommands.CreateDriverCommand - Created webdriver in thread 1: ChromeDriver -> ChromeDriver: chrome on windows (ea06327144adfb45eaa8029a15fc7322)
[Test worker] INFO com.codeborne.selenide.drivercommands.DisposablesRegistry - Register WebDriverInstance[config=StaticConfig,webDriver=ChromeDriver: chrome on windows (ea06327144adfb45eaa8029a15fc7322),proxy=null,downloadsFolder=C:\Users\artem\IdeaProjects\ReportPortal\build\downloads\1761035065907_9208_1] in 1 [size=1]
[Test worker] INFO com.codeborne.selenide.drivercommands.DisposablesRegistry - Add shutdown hook in 1 [size=1]
]]></system-err>
</testsuite>
